Arguments: 
  /usr/local/Cellar/node@12/12.16.1/bin/node /usr/local/Cellar/yarn/1.22.4/libexec/bin/yarn.js init

PATH: 
  /Users/victor/google-cloud-sdk/bin:/Users/victor/.zinit/polaris/bin:/Users/victor/bin:/usr/local/bin:/usr/local/bin:/usr/bin:/bin:/usr/sbin:/sbin:/usr/local/share/dotnet:~/.dotnet/tools:/Library/Apple/usr/bin:/Users/victor/Library/Android/sdk/emulator:/Users/victor/Library/Android/sdk/tools:/Users/victor/Library/Android/sdk/tools/bin:/Users/victor/Library/Android/sdk/platform-tools

Yarn version: 
  1.22.4

Node version: 
  12.16.1

Platform: 
  darwin x64

Trace: 
  Error: canceled
      at Interface.<anonymous> (/usr/local/Cellar/yarn/1.22.4/libexec/lib/cli.js:137008:13)
      at Interface.emit (events.js:311:20)
      at Interface._ttyWrite (readline.js:893:16)
      at ReadStream.onkeypress (readline.js:198:10)
      at ReadStream.emit (events.js:311:20)
      at emitKeys (internal/readline/utils.js:438:14)
      at emitKeys.next (<anonymous>)
      at ReadStream.onData (readline.js:1160:36)
      at ReadStream.emit (events.js:311:20)
      at addChunk (_stream_readable.js:294:12)

npm manifest: 
  No manifest

yarn manifest: 
  No manifest

Lockfile: 
  No lockfile
